<?xml version="1.0" encoding="UTF-8"?><testrun name="CukeRunner (1)" project="CucumberTests" tests="6" started="6" failures="0" errors="3" ignored="5">
  <testsuite name="com.bdt.webdriver.CukeRunner" incomplete="true">
    <error>java.lang.NullPointerException
	at com.bdt.webdriver.CukeRunner.tearDown(CukeRunner.java:38)
	at sun.reflect.NativeMethodAccessorImpl.invoke0(Native Method)
	at sun.reflect.NativeMethodAccessorImpl.invoke(NativeMethodAccessorImpl.java:57)
	at sun.reflect.DelegatingMethodAccessorImpl.invoke(DelegatingMethodAccessorImpl.java:43)
	at java.lang.reflect.Method.invoke(Method.java:606)
	at org.junit.runners.model.FrameworkMethod$1.runReflectiveCall(FrameworkMethod.java:47)
	at org.junit.internal.runners.model.ReflectiveCallable.run(ReflectiveCallable.java:12)
	at org.junit.runners.model.FrameworkMethod.invokeExplosively(FrameworkMethod.java:44)
	at org.junit.internal.runners.statements.RunAfters.evaluate(RunAfters.java:33)
	at org.junit.runners.ParentRunner.run(ParentRunner.java:309)
	at cucumber.api.junit.Cucumber.run(Cucumber.java:94)
	at org.eclipse.jdt.internal.junit4.runner.JUnit4TestReference.run(JUnit4TestReference.java:50)
	at org.eclipse.jdt.internal.junit.runner.TestExecution.run(TestExecution.java:38)
	at org.eclipse.jdt.internal.junit.runner.RemoteTestRunner.runTests(RemoteTestRunner.java:459)
	at org.eclipse.jdt.internal.junit.runner.RemoteTestRunner.runTests(RemoteTestRunner.java:675)
	at org.eclipse.jdt.internal.junit.runner.RemoteTestRunner.run(RemoteTestRunner.java:382)
	at org.eclipse.jdt.internal.junit.runner.RemoteTestRunner.main(RemoteTestRunner.java:192)

</error>
    <testsuite name="Feature: Start Game">
      <testsuite name="Scenario: Start game" incomplete="true">
        <skipped/>
        <testcase name="Given I open &quot;firefox&quot;" classname="Scenario: Start game" incomplete="true"/>
        <testcase name="Given I visit &quot;http://localhost:8080/blackjack/&quot;" classname="Scenario: Start game" incomplete="true"/>
        <testcase name="When I enter click the &quot;start&quot; button" classname="Scenario: Start game" time="0.0" ignored="true"/>
        <testcase name="Then I should see the alert pop up" classname="Scenario: Start game" time="0.0" ignored="true"/>
        <testcase name="Then I type &quot;2&quot;" classname="Scenario: Start game" time="0.0" ignored="true"/>
        <testcase name="Then I should see the &quot;player2_hand&quot; div" classname="Scenario: Start game" time="0.0" ignored="true"/>
      </testsuite>
    </testsuite>
  </testsuite>
  <testsuite name="Unrooted Tests" time="0.001">
    <testcase name="Given I open &quot;firefox&quot;" classname="Scenario: Start game" time="0.001">
      <error>org.openqa.selenium.WebDriverException: Failed to connect to binary FirefoxBinary(/Applications/Firefox.app/Contents/MacOS/firefox-bin) on port 7055; process output follows: 
r resource://gre/modules/addons/GMPProvider.jsm
1447100490633	addons.manager	DEBUG	Loaded provider scope for resource://gre/modules/addons/PluginProvider.jsm
1447100490634	addons.manager	DEBUG	Starting provider: XPIProvider
1447100490634	addons.xpi	DEBUG	startup
1447100490635	addons.xpi	INFO	Mapping fxdriver@googlecode.com to /var/folders/93/13q26vls6bn1gxdd3hmdkbb00000gn/T/anonymous2250523315516456057webdriver-profile/extensions/fxdriver@googlecode.com
1447100490635	addons.xpi	DEBUG	Ignoring file entry whose name is not a valid add-on ID: /var/folders/93/13q26vls6bn1gxdd3hmdkbb00000gn/T/anonymous2250523315516456057webdriver-profile/extensions/webdriver-staging
1447100490636	addons.xpi	INFO	Mapping {972ce4c6-7e08-4474-a285-3208198ce6fd} to /Applications/Firefox.app/Contents/Resources/browser/extensions/{972ce4c6-7e08-4474-a285-3208198ce6fd}
1447100490636	addons.xpi	DEBUG	Skipping unavailable install location app-system-share
1447100490638	addons.xpi	DEBUG	checkForChanges
1447100490638	addons.xpi	DEBUG	Loaded add-on state from prefs: {"app-profile":{"fxdriver@googlecode.com":{"d":"/var/folders/93/13q26vls6bn1gxdd3hmdkbb00000gn/T/anonymous2250523315516456057webdriver-profile/extensions/fxdriver@googlecode.com","e":false,"v":"2.41.0","st":1447100484000,"mt":1447100484000}},"app-global":{"{972ce4c6-7e08-4474-a285-3208198ce6fd}":{"d":"/Applications/Firefox.app/Contents/Resources/browser/extensions/{972ce4c6-7e08-4474-a285-3208198ce6fd}","e":true,"v":"42.0","st":1447089621000,"mt":1447089620000}}}
1447100490641	addons.xpi	DEBUG	getModTime: Recursive scan of {972ce4c6-7e08-4474-a285-3208198ce6fd}
1447100490642	addons.xpi	DEBUG	getInstallState changed: false, state: {"app-profile":{"fxdriver@googlecode.com":{"d":"/var/folders/93/13q26vls6bn1gxdd3hmdkbb00000gn/T/anonymous2250523315516456057webdriver-profile/extensions/fxdriver@googlecode.com","e":false,"v":"2.41.0","st":1447100484000,"mt":1447100484000}},"app-global":{"{972ce4c6-7e08-4474-a285-3208198ce6fd}":{"d":"/Applications/Firefox.app/Contents/Resources/browser/extensions/{972ce4c6-7e08-4474-a285-3208198ce6fd}","e":true,"v":"42.0","st":1447089621000,"mt":1447089620000}}}
1447100490644	addons.xpi	DEBUG	No changes found
1447100490654	addons.manager	DEBUG	Registering shutdown blocker for XPIProvider
1447100490655	addons.manager	DEBUG	Provider finished startup: XPIProvider
1447100490655	addons.manager	DEBUG	Starting provider: LightweightThemeManager
1447100490655	addons.manager	DEBUG	Registering shutdown blocker for LightweightThemeManager
1447100490656	addons.manager	DEBUG	Provider finished startup: LightweightThemeManager
1447100490656	addons.manager	DEBUG	Starting provider: GMPProvider
1447100490661	addons.manager	DEBUG	Registering shutdown blocker for GMPProvider
1447100490661	addons.manager	DEBUG	Provider finished startup: GMPProvider
1447100490661	addons.manager	DEBUG	Starting provider: PluginProvider
1447100490661	addons.manager	DEBUG	Registering shutdown blocker for PluginProvider
1447100490662	addons.manager	DEBUG	Provider finished startup: PluginProvider
1447100490662	addons.manager	DEBUG	Completed startup sequence
1447100490703	addons.xpi-utils	DEBUG	Starting async load of XPI database /var/folders/93/13q26vls6bn1gxdd3hmdkbb00000gn/T/anonymous2250523315516456057webdriver-profile/extensions.json
*** Blocklist::_loadBlocklistFromFile: blocklist is disabled
1447100490851	addons.manager	DEBUG	Starting provider: &lt;unnamed-provider&gt;
1447100490851	addons.manager	DEBUG	Registering shutdown blocker for &lt;unnamed-provider&gt;
1447100490851	addons.manager	DEBUG	Provider finished startup: &lt;unnamed-provider&gt;
1447100491016	addons.xpi-utils	DEBUG	Async JSON file read took 0 MS
1447100491016	addons.xpi-utils	DEBUG	Finished async read of XPI database, parsing...
1447100491017	addons.xpi-utils	DEBUG	Successfully read XPI database
1447100491134	addons.manager	DEBUG	Starting provider: PreviousExperimentProvider
1447100491134	addons.manager	DEBUG	Registering shutdown blocker for PreviousExperimentProvider
1447100491135	addons.manager	DEBUG	Provider finished startup: PreviousExperimentProvider

Build info: version: '2.41.0', revision: '3192d8a6c4449dc285928ba024779344f5423c58', time: '2014-03-27 11:29:39'
System info: host: 'Filips-MacBook-Pro.local', ip: '192.168.0.13', os.name: 'Mac OS X', os.arch: 'x86_64', os.version: '10.11', java.version: '1.7.0_80'
Driver info: driver.version: FirefoxDriver
	at org.openqa.selenium.firefox.internal.NewProfileExtensionConnection.start(NewProfileExtensionConnection.java:130)
	at org.openqa.selenium.firefox.FirefoxDriver.startClient(FirefoxDriver.java:246)
	at org.openqa.selenium.remote.RemoteWebDriver.&lt;init&gt;(RemoteWebDriver.java:114)
	at org.openqa.selenium.firefox.FirefoxDriver.&lt;init&gt;(FirefoxDriver.java:191)
	at org.openqa.selenium.firefox.FirefoxDriver.&lt;init&gt;(FirefoxDriver.java:186)
	at org.openqa.selenium.firefox.FirefoxDriver.&lt;init&gt;(FirefoxDriver.java:182)
	at org.openqa.selenium.firefox.FirefoxDriver.&lt;init&gt;(FirefoxDriver.java:95)
	at com.bdt.webdriver.StepDef.i_open(StepDef.java:33)
	at âœ½.Given I open "firefox"(T1.feature:4)
Caused by: org.openqa.selenium.firefox.NotConnectedException: Unable to connect to host 127.0.0.1 on port 7055 after 45000 ms. Firefox console output:
r resource://gre/modules/addons/GMPProvider.jsm
1447100490633	addons.manager	DEBUG	Loaded provider scope for resource://gre/modules/addons/PluginProvider.jsm
1447100490634	addons.manager	DEBUG	Starting provider: XPIProvider
1447100490634	addons.xpi	DEBUG	startup
1447100490635	addons.xpi	INFO	Mapping fxdriver@googlecode.com to /var/folders/93/13q26vls6bn1gxdd3hmdkbb00000gn/T/anonymous2250523315516456057webdriver-profile/extensions/fxdriver@googlecode.com
1447100490635	addons.xpi	DEBUG	Ignoring file entry whose name is not a valid add-on ID: /var/folders/93/13q26vls6bn1gxdd3hmdkbb00000gn/T/anonymous2250523315516456057webdriver-profile/extensions/webdriver-staging
1447100490636	addons.xpi	INFO	Mapping {972ce4c6-7e08-4474-a285-3208198ce6fd} to /Applications/Firefox.app/Contents/Resources/browser/extensions/{972ce4c6-7e08-4474-a285-3208198ce6fd}
1447100490636	addons.xpi	DEBUG	Skipping unavailable install location app-system-share
1447100490638	addons.xpi	DEBUG	checkForChanges
1447100490638	addons.xpi	DEBUG	Loaded add-on state from prefs: {"app-profile":{"fxdriver@googlecode.com":{"d":"/var/folders/93/13q26vls6bn1gxdd3hmdkbb00000gn/T/anonymous2250523315516456057webdriver-profile/extensions/fxdriver@googlecode.com","e":false,"v":"2.41.0","st":1447100484000,"mt":1447100484000}},"app-global":{"{972ce4c6-7e08-4474-a285-3208198ce6fd}":{"d":"/Applications/Firefox.app/Contents/Resources/browser/extensions/{972ce4c6-7e08-4474-a285-3208198ce6fd}","e":true,"v":"42.0","st":1447089621000,"mt":1447089620000}}}
1447100490641	addons.xpi	DEBUG	getModTime: Recursive scan of {972ce4c6-7e08-4474-a285-3208198ce6fd}
1447100490642	addons.xpi	DEBUG	getInstallState changed: false, state: {"app-profile":{"fxdriver@googlecode.com":{"d":"/var/folders/93/13q26vls6bn1gxdd3hmdkbb00000gn/T/anonymous2250523315516456057webdriver-profile/extensions/fxdriver@googlecode.com","e":false,"v":"2.41.0","st":1447100484000,"mt":1447100484000}},"app-global":{"{972ce4c6-7e08-4474-a285-3208198ce6fd}":{"d":"/Applications/Firefox.app/Contents/Resources/browser/extensions/{972ce4c6-7e08-4474-a285-3208198ce6fd}","e":true,"v":"42.0","st":1447089621000,"mt":1447089620000}}}
1447100490644	addons.xpi	DEBUG	No changes found
1447100490654	addons.manager	DEBUG	Registering shutdown blocker for XPIProvider
1447100490655	addons.manager	DEBUG	Provider finished startup: XPIProvider
1447100490655	addons.manager	DEBUG	Starting provider: LightweightThemeManager
1447100490655	addons.manager	DEBUG	Registering shutdown blocker for LightweightThemeManager
1447100490656	addons.manager	DEBUG	Provider finished startup: LightweightThemeManager
1447100490656	addons.manager	DEBUG	Starting provider: GMPProvider
1447100490661	addons.manager	DEBUG	Registering shutdown blocker for GMPProvider
1447100490661	addons.manager	DEBUG	Provider finished startup: GMPProvider
1447100490661	addons.manager	DEBUG	Starting provider: PluginProvider
1447100490661	addons.manager	DEBUG	Registering shutdown blocker for PluginProvider
1447100490662	addons.manager	DEBUG	Provider finished startup: PluginProvider
1447100490662	addons.manager	DEBUG	Completed startup sequence
1447100490703	addons.xpi-utils	DEBUG	Starting async load of XPI database /var/folders/93/13q26vls6bn1gxdd3hmdkbb00000gn/T/anonymous2250523315516456057webdriver-profile/extensions.json
*** Blocklist::_loadBlocklistFromFile: blocklist is disabled
1447100490851	addons.manager	DEBUG	Starting provider: &lt;unnamed-provider&gt;
1447100490851	addons.manager	DEBUG	Registering shutdown blocker for &lt;unnamed-provider&gt;
1447100490851	addons.manager	DEBUG	Provider finished startup: &lt;unnamed-provider&gt;
1447100491016	addons.xpi-utils	DEBUG	Async JSON file read took 0 MS
1447100491016	addons.xpi-utils	DEBUG	Finished async read of XPI database, parsing...
1447100491017	addons.xpi-utils	DEBUG	Successfully read XPI database
1447100491134	addons.manager	DEBUG	Starting provider: PreviousExperimentProvider
1447100491134	addons.manager	DEBUG	Registering shutdown blocker for PreviousExperimentProvider
1447100491135	addons.manager	DEBUG	Provider finished startup: PreviousExperimentProvider

	at org.openqa.selenium.firefox.internal.NewProfileExtensionConnection.start(NewProfileExtensionConnection.java:118)
	at org.openqa.selenium.firefox.FirefoxDriver.startClient(FirefoxDriver.java:246)
	at org.openqa.selenium.remote.RemoteWebDriver.&lt;init&gt;(RemoteWebDriver.java:114)
	at org.openqa.selenium.firefox.FirefoxDriver.&lt;init&gt;(FirefoxDriver.java:191)
	at org.openqa.selenium.firefox.FirefoxDriver.&lt;init&gt;(FirefoxDriver.java:186)
	at org.openqa.selenium.firefox.FirefoxDriver.&lt;init&gt;(FirefoxDriver.java:182)
	at org.openqa.selenium.firefox.FirefoxDriver.&lt;init&gt;(FirefoxDriver.java:95)
	at com.bdt.webdriver.StepDef.i_open(StepDef.java:33)
	at sun.reflect.NativeMethodAccessorImpl.invoke0(Native Method)
	at sun.reflect.NativeMethodAccessorImpl.invoke(NativeMethodAccessorImpl.java:57)
	at sun.reflect.DelegatingMethodAccessorImpl.invoke(DelegatingMethodAccessorImpl.java:43)
	at java.lang.reflect.Method.invoke(Method.java:606)
	at cucumber.runtime.Utils$1.call(Utils.java:34)
	at cucumber.runtime.Timeout.timeout(Timeout.java:13)
	at cucumber.runtime.Utils.invoke(Utils.java:30)
	at cucumber.runtime.java.JavaStepDefinition.execute(JavaStepDefinition.java:35)
	at cucumber.runtime.StepDefinitionMatch.runStep(StepDefinitionMatch.java:37)
	at cucumber.runtime.Runtime.runStep(Runtime.java:297)
	at cucumber.runtime.model.StepContainer.runStep(StepContainer.java:44)
	at cucumber.runtime.model.StepContainer.runSteps(StepContainer.java:39)
	at cucumber.runtime.model.CucumberScenario.runBackground(CucumberScenario.java:62)
	at cucumber.runtime.model.CucumberScenario.run(CucumberScenario.java:46)
	at cucumber.runtime.junit.ExecutionUnitRunner.run(ExecutionUnitRunner.java:83)
	at cucumber.runtime.junit.FeatureRunner.runChild(FeatureRunner.java:63)
	at cucumber.runtime.junit.FeatureRunner.runChild(FeatureRunner.java:18)
	at org.junit.runners.ParentRunner$3.run(ParentRunner.java:238)
	at org.junit.runners.ParentRunner$1.schedule(ParentRunner.java:63)
	at org.junit.runners.ParentRunner.runChildren(ParentRunner.java:236)
	at org.junit.runners.ParentRunner.access$000(ParentRunner.java:53)
	at org.junit.runners.ParentRunner$2.evaluate(ParentRunner.java:229)
	at org.junit.runners.ParentRunner.run(ParentRunner.java:309)
	at cucumber.runtime.junit.FeatureRunner.run(FeatureRunner.java:70)
	at cucumber.api.junit.Cucumber.runChild(Cucumber.java:89)
	at cucumber.api.junit.Cucumber.runChild(Cucumber.java:40)
	at org.junit.runners.ParentRunner$3.run(ParentRunner.java:238)
	at org.junit.runners.ParentRunner$1.schedule(ParentRunner.java:63)
	at org.junit.runners.ParentRunner.runChildren(ParentRunner.java:236)
	at org.junit.runners.ParentRunner.access$000(ParentRunner.java:53)
	at org.junit.runners.ParentRunner$2.evaluate(ParentRunner.java:229)
	at org.junit.internal.runners.statements.RunBefores.evaluate(RunBefores.java:26)
	at org.junit.internal.runners.statements.RunAfters.evaluate(RunAfters.java:27)
	at org.junit.runners.ParentRunner.run(ParentRunner.java:309)
	at cucumber.api.junit.Cucumber.run(Cucumber.java:94)
	at org.eclipse.jdt.internal.junit4.runner.JUnit4TestReference.run(JUnit4TestReference.java:50)
	at org.eclipse.jdt.internal.junit.runner.TestExecution.run(TestExecution.java:38)
	at org.eclipse.jdt.internal.junit.runner.RemoteTestRunner.runTests(RemoteTestRunner.java:459)
	at org.eclipse.jdt.internal.junit.runner.RemoteTestRunner.runTests(RemoteTestRunner.java:675)
	at org.eclipse.jdt.internal.junit.runner.RemoteTestRunner.run(RemoteTestRunner.java:382)
	at org.eclipse.jdt.internal.junit.runner.RemoteTestRunner.main(RemoteTestRunner.java:192)

</error>
    </testcase>
    <testcase name="@Ignore: Given I visit &quot;http://localhost:8080/blackjack/&quot;" classname="Scenario: Start game" time="0.0" ignored="true"/>
  </testsuite>
</testrun>
