<?xml version="1.0" encoding="UTF-8"?><testrun name="CukeRunner (1)" project="CucumberTests" tests="6" started="6" failures="0" errors="3" ignored="5">
  <testsuite name="com.bdt.webdriver.CukeRunner" incomplete="true">
    <error>java.lang.NullPointerException
	at com.bdt.webdriver.CukeRunner.tearDown(CukeRunner.java:38)
	at sun.reflect.NativeMethodAccessorImpl.invoke0(Native Method)
	at sun.reflect.NativeMethodAccessorImpl.invoke(NativeMethodAccessorImpl.java:57)
	at sun.reflect.DelegatingMethodAccessorImpl.invoke(DelegatingMethodAccessorImpl.java:43)
	at java.lang.reflect.Method.invoke(Method.java:606)
	at org.junit.runners.model.FrameworkMethod$1.runReflectiveCall(FrameworkMethod.java:47)
	at org.junit.internal.runners.model.ReflectiveCallable.run(ReflectiveCallable.java:12)
	at org.junit.runners.model.FrameworkMethod.invokeExplosively(FrameworkMethod.java:44)
	at org.junit.internal.runners.statements.RunAfters.evaluate(RunAfters.java:33)
	at org.junit.runners.ParentRunner.run(ParentRunner.java:309)
	at cucumber.api.junit.Cucumber.run(Cucumber.java:94)
	at org.eclipse.jdt.internal.junit4.runner.JUnit4TestReference.run(JUnit4TestReference.java:50)
	at org.eclipse.jdt.internal.junit.runner.TestExecution.run(TestExecution.java:38)
	at org.eclipse.jdt.internal.junit.runner.RemoteTestRunner.runTests(RemoteTestRunner.java:459)
	at org.eclipse.jdt.internal.junit.runner.RemoteTestRunner.runTests(RemoteTestRunner.java:675)
	at org.eclipse.jdt.internal.junit.runner.RemoteTestRunner.run(RemoteTestRunner.java:382)
	at org.eclipse.jdt.internal.junit.runner.RemoteTestRunner.main(RemoteTestRunner.java:192)

</error>
    <testsuite name="Feature: Google Search">
      <testsuite name="Scenario: Search for Bruce Lee" incomplete="true">
        <error>java.lang.NoClassDefFoundError: com/google/gson/JsonElement
	at org.openqa.selenium.firefox.Preferences.readDefaultPreferences(Preferences.java:96)
	at org.openqa.selenium.firefox.Preferences.&lt;init&gt;(Preferences.java:66)
	at org.openqa.selenium.firefox.FirefoxProfile.&lt;init&gt;(FirefoxProfile.java:88)
	at org.openqa.selenium.firefox.FirefoxProfile.&lt;init&gt;(FirefoxProfile.java:78)
	at org.openqa.selenium.firefox.FirefoxProfile.&lt;init&gt;(FirefoxProfile.java:67)
	at org.openqa.selenium.firefox.FirefoxDriver.getProfile(FirefoxDriver.java:288)
	at org.openqa.selenium.firefox.FirefoxDriver.startClient(FirefoxDriver.java:264)
	at org.openqa.selenium.remote.RemoteWebDriver.&lt;init&gt;(RemoteWebDriver.java:117)
	at org.openqa.selenium.firefox.FirefoxDriver.&lt;init&gt;(FirefoxDriver.java:218)
	at org.openqa.selenium.firefox.FirefoxDriver.&lt;init&gt;(FirefoxDriver.java:211)
	at org.openqa.selenium.firefox.FirefoxDriver.&lt;init&gt;(FirefoxDriver.java:207)
	at org.openqa.selenium.firefox.FirefoxDriver.&lt;init&gt;(FirefoxDriver.java:120)
	at com.bdt.webdriver.StepDef.i_open(StepDef.java:24)
	at ✽.Given I open "firefox"(T1.feature:7)
Caused by: java.lang.ClassNotFoundException: com.google.gson.JsonElement
	at java.net.URLClassLoader$1.run(URLClassLoader.java:366)
	at java.net.URLClassLoader$1.run(URLClassLoader.java:355)
	at java.security.AccessController.doPrivileged(Native Method)
	at java.net.URLClassLoader.findClass(URLClassLoader.java:354)
	at java.lang.ClassLoader.loadClass(ClassLoader.java:425)
	at sun.misc.Launcher$AppClassLoader.loadClass(Launcher.java:308)
	at java.lang.ClassLoader.loadClass(ClassLoader.java:358)
	at org.openqa.selenium.firefox.Preferences.readDefaultPreferences(Preferences.java:96)
	at org.openqa.selenium.firefox.Preferences.&lt;init&gt;(Preferences.java:66)
	at org.openqa.selenium.firefox.FirefoxProfile.&lt;init&gt;(FirefoxProfile.java:88)
	at org.openqa.selenium.firefox.FirefoxProfile.&lt;init&gt;(FirefoxProfile.java:78)
	at org.openqa.selenium.firefox.FirefoxProfile.&lt;init&gt;(FirefoxProfile.java:67)
	at org.openqa.selenium.firefox.FirefoxDriver.getProfile(FirefoxDriver.java:288)
	at org.openqa.selenium.firefox.FirefoxDriver.startClient(FirefoxDriver.java:264)
	at org.openqa.selenium.remote.RemoteWebDriver.&lt;init&gt;(RemoteWebDriver.java:117)
	at org.openqa.selenium.firefox.FirefoxDriver.&lt;init&gt;(FirefoxDriver.java:218)
	at org.openqa.selenium.firefox.FirefoxDriver.&lt;init&gt;(FirefoxDriver.java:211)
	at org.openqa.selenium.firefox.FirefoxDriver.&lt;init&gt;(FirefoxDriver.java:207)
	at org.openqa.selenium.firefox.FirefoxDriver.&lt;init&gt;(FirefoxDriver.java:120)
	at com.bdt.webdriver.StepDef.i_open(StepDef.java:24)
	at sun.reflect.NativeMethodAccessorImpl.invoke0(Native Method)
	at sun.reflect.NativeMethodAccessorImpl.invoke(NativeMethodAccessorImpl.java:57)
	at sun.reflect.DelegatingMethodAccessorImpl.invoke(DelegatingMethodAccessorImpl.java:43)
	at java.lang.reflect.Method.invoke(Method.java:606)
	at cucumber.runtime.Utils$1.call(Utils.java:34)
	at cucumber.runtime.Timeout.timeout(Timeout.java:13)
	at cucumber.runtime.Utils.invoke(Utils.java:30)
	at cucumber.runtime.java.JavaStepDefinition.execute(JavaStepDefinition.java:35)
	at cucumber.runtime.StepDefinitionMatch.runStep(StepDefinitionMatch.java:37)
	at cucumber.runtime.Runtime.runStep(Runtime.java:297)
	at cucumber.runtime.model.StepContainer.runStep(StepContainer.java:44)
	at cucumber.runtime.model.StepContainer.runSteps(StepContainer.java:39)
	at cucumber.runtime.model.CucumberScenario.runBackground(CucumberScenario.java:62)
	at cucumber.runtime.model.CucumberScenario.run(CucumberScenario.java:46)
	at cucumber.runtime.junit.ExecutionUnitRunner.run(ExecutionUnitRunner.java:83)
	at cucumber.runtime.junit.FeatureRunner.runChild(FeatureRunner.java:63)
	at cucumber.runtime.junit.FeatureRunner.runChild(FeatureRunner.java:18)
	at org.junit.runners.ParentRunner$3.run(ParentRunner.java:238)
	at org.junit.runners.ParentRunner$1.schedule(ParentRunner.java:63)
	at org.junit.runners.ParentRunner.runChildren(ParentRunner.java:236)
	at org.junit.runners.ParentRunner.access$000(ParentRunner.java:53)
	at org.junit.runners.ParentRunner$2.evaluate(ParentRunner.java:229)
	at org.junit.runners.ParentRunner.run(ParentRunner.java:309)
	at cucumber.runtime.junit.FeatureRunner.run(FeatureRunner.java:70)
	at cucumber.api.junit.Cucumber.runChild(Cucumber.java:89)
	at cucumber.api.junit.Cucumber.runChild(Cucumber.java:40)
	at org.junit.runners.ParentRunner$3.run(ParentRunner.java:238)
	at org.junit.runners.ParentRunner$1.schedule(ParentRunner.java:63)
	at org.junit.runners.ParentRunner.runChildren(ParentRunner.java:236)
	at org.junit.runners.ParentRunner.access$000(ParentRunner.java:53)
	at org.junit.runners.ParentRunner$2.evaluate(ParentRunner.java:229)
	at org.junit.internal.runners.statements.RunBefores.evaluate(RunBefores.java:26)
	at org.junit.internal.runners.statements.RunAfters.evaluate(RunAfters.java:27)
	at org.junit.runners.ParentRunner.run(ParentRunner.java:309)
	at cucumber.api.junit.Cucumber.run(Cucumber.java:94)
	at org.eclipse.jdt.internal.junit4.runner.JUnit4TestReference.run(JUnit4TestReference.java:50)
	at org.eclipse.jdt.internal.junit.runner.TestExecution.run(TestExecution.java:38)
	at org.eclipse.jdt.internal.junit.runner.RemoteTestRunner.runTests(RemoteTestRunner.java:459)
	at org.eclipse.jdt.internal.junit.runner.RemoteTestRunner.runTests(RemoteTestRunner.java:675)
	at org.eclipse.jdt.internal.junit.runner.RemoteTestRunner.run(RemoteTestRunner.java:382)
	at org.eclipse.jdt.internal.junit.runner.RemoteTestRunner.main(RemoteTestRunner.java:192)

</error>
        <testcase name="Given I open &quot;firefox&quot;" classname="Scenario: Search for Bruce Lee" incomplete="true"/>
        <testcase name="Given I visit &quot;http://google.com&quot;" classname="Scenario: Search for Bruce Lee" incomplete="true"/>
        <testcase name="When I enter &quot;Bruce Lee&quot; into the &quot;gbqfq&quot; field" classname="Scenario: Search for Bruce Lee" time="0.0" ignored="true"/>
        <testcase name="Then I should see the &quot;Google&quot; title" classname="Scenario: Search for Bruce Lee" time="0.002" ignored="true"/>
        <testcase name="Then I click on the &quot;Bruce Lee - Wikipedia, the free encyclopedia&quot; link" classname="Scenario: Search for Bruce Lee" time="0.002" ignored="true"/>
        <testcase name="Then I should see the &quot;Bruce Lee&quot; text" classname="Scenario: Search for Bruce Lee" time="0.007" ignored="true"/>
      </testsuite>
    </testsuite>
  </testsuite>
  <testsuite name="Unrooted Tests" time="0.014">
    <testcase name="Given I open &quot;firefox&quot;" classname="Scenario: Search for Bruce Lee" time="0.014">
      <error>java.lang.NoClassDefFoundError: com/google/gson/JsonElement
	at org.openqa.selenium.firefox.Preferences.readDefaultPreferences(Preferences.java:96)
	at org.openqa.selenium.firefox.Preferences.&lt;init&gt;(Preferences.java:66)
	at org.openqa.selenium.firefox.FirefoxProfile.&lt;init&gt;(FirefoxProfile.java:88)
	at org.openqa.selenium.firefox.FirefoxProfile.&lt;init&gt;(FirefoxProfile.java:78)
	at org.openqa.selenium.firefox.FirefoxProfile.&lt;init&gt;(FirefoxProfile.java:67)
	at org.openqa.selenium.firefox.FirefoxDriver.getProfile(FirefoxDriver.java:288)
	at org.openqa.selenium.firefox.FirefoxDriver.startClient(FirefoxDriver.java:264)
	at org.openqa.selenium.remote.RemoteWebDriver.&lt;init&gt;(RemoteWebDriver.java:117)
	at org.openqa.selenium.firefox.FirefoxDriver.&lt;init&gt;(FirefoxDriver.java:218)
	at org.openqa.selenium.firefox.FirefoxDriver.&lt;init&gt;(FirefoxDriver.java:211)
	at org.openqa.selenium.firefox.FirefoxDriver.&lt;init&gt;(FirefoxDriver.java:207)
	at org.openqa.selenium.firefox.FirefoxDriver.&lt;init&gt;(FirefoxDriver.java:120)
	at com.bdt.webdriver.StepDef.i_open(StepDef.java:24)
	at ✽.Given I open "firefox"(T1.feature:7)
Caused by: java.lang.ClassNotFoundException: com.google.gson.JsonElement
	at java.net.URLClassLoader$1.run(URLClassLoader.java:366)
	at java.net.URLClassLoader$1.run(URLClassLoader.java:355)
	at java.security.AccessController.doPrivileged(Native Method)
	at java.net.URLClassLoader.findClass(URLClassLoader.java:354)
	at java.lang.ClassLoader.loadClass(ClassLoader.java:425)
	at sun.misc.Launcher$AppClassLoader.loadClass(Launcher.java:308)
	at java.lang.ClassLoader.loadClass(ClassLoader.java:358)
	at org.openqa.selenium.firefox.Preferences.readDefaultPreferences(Preferences.java:96)
	at org.openqa.selenium.firefox.Preferences.&lt;init&gt;(Preferences.java:66)
	at org.openqa.selenium.firefox.FirefoxProfile.&lt;init&gt;(FirefoxProfile.java:88)
	at org.openqa.selenium.firefox.FirefoxProfile.&lt;init&gt;(FirefoxProfile.java:78)
	at org.openqa.selenium.firefox.FirefoxProfile.&lt;init&gt;(FirefoxProfile.java:67)
	at org.openqa.selenium.firefox.FirefoxDriver.getProfile(FirefoxDriver.java:288)
	at org.openqa.selenium.firefox.FirefoxDriver.startClient(FirefoxDriver.java:264)
	at org.openqa.selenium.remote.RemoteWebDriver.&lt;init&gt;(RemoteWebDriver.java:117)
	at org.openqa.selenium.firefox.FirefoxDriver.&lt;init&gt;(FirefoxDriver.java:218)
	at org.openqa.selenium.firefox.FirefoxDriver.&lt;init&gt;(FirefoxDriver.java:211)
	at org.openqa.selenium.firefox.FirefoxDriver.&lt;init&gt;(FirefoxDriver.java:207)
	at org.openqa.selenium.firefox.FirefoxDriver.&lt;init&gt;(FirefoxDriver.java:120)
	at com.bdt.webdriver.StepDef.i_open(StepDef.java:24)
	at sun.reflect.NativeMethodAccessorImpl.invoke0(Native Method)
	at sun.reflect.NativeMethodAccessorImpl.invoke(NativeMethodAccessorImpl.java:57)
	at sun.reflect.DelegatingMethodAccessorImpl.invoke(DelegatingMethodAccessorImpl.java:43)
	at java.lang.reflect.Method.invoke(Method.java:606)
	at cucumber.runtime.Utils$1.call(Utils.java:34)
	at cucumber.runtime.Timeout.timeout(Timeout.java:13)
	at cucumber.runtime.Utils.invoke(Utils.java:30)
	at cucumber.runtime.java.JavaStepDefinition.execute(JavaStepDefinition.java:35)
	at cucumber.runtime.StepDefinitionMatch.runStep(StepDefinitionMatch.java:37)
	at cucumber.runtime.Runtime.runStep(Runtime.java:297)
	at cucumber.runtime.model.StepContainer.runStep(StepContainer.java:44)
	at cucumber.runtime.model.StepContainer.runSteps(StepContainer.java:39)
	at cucumber.runtime.model.CucumberScenario.runBackground(CucumberScenario.java:62)
	at cucumber.runtime.model.CucumberScenario.run(CucumberScenario.java:46)
	at cucumber.runtime.junit.ExecutionUnitRunner.run(ExecutionUnitRunner.java:83)
	at cucumber.runtime.junit.FeatureRunner.runChild(FeatureRunner.java:63)
	at cucumber.runtime.junit.FeatureRunner.runChild(FeatureRunner.java:18)
	at org.junit.runners.ParentRunner$3.run(ParentRunner.java:238)
	at org.junit.runners.ParentRunner$1.schedule(ParentRunner.java:63)
	at org.junit.runners.ParentRunner.runChildren(ParentRunner.java:236)
	at org.junit.runners.ParentRunner.access$000(ParentRunner.java:53)
	at org.junit.runners.ParentRunner$2.evaluate(ParentRunner.java:229)
	at org.junit.runners.ParentRunner.run(ParentRunner.java:309)
	at cucumber.runtime.junit.FeatureRunner.run(FeatureRunner.java:70)
	at cucumber.api.junit.Cucumber.runChild(Cucumber.java:89)
	at cucumber.api.junit.Cucumber.runChild(Cucumber.java:40)
	at org.junit.runners.ParentRunner$3.run(ParentRunner.java:238)
	at org.junit.runners.ParentRunner$1.schedule(ParentRunner.java:63)
	at org.junit.runners.ParentRunner.runChildren(ParentRunner.java:236)
	at org.junit.runners.ParentRunner.access$000(ParentRunner.java:53)
	at org.junit.runners.ParentRunner$2.evaluate(ParentRunner.java:229)
	at org.junit.internal.runners.statements.RunBefores.evaluate(RunBefores.java:26)
	at org.junit.internal.runners.statements.RunAfters.evaluate(RunAfters.java:27)
	at org.junit.runners.ParentRunner.run(ParentRunner.java:309)
	at cucumber.api.junit.Cucumber.run(Cucumber.java:94)
	at org.eclipse.jdt.internal.junit4.runner.JUnit4TestReference.run(JUnit4TestReference.java:50)
	at org.eclipse.jdt.internal.junit.runner.TestExecution.run(TestExecution.java:38)
	at org.eclipse.jdt.internal.junit.runner.RemoteTestRunner.runTests(RemoteTestRunner.java:459)
	at org.eclipse.jdt.internal.junit.runner.RemoteTestRunner.runTests(RemoteTestRunner.java:675)
	at org.eclipse.jdt.internal.junit.runner.RemoteTestRunner.run(RemoteTestRunner.java:382)
	at org.eclipse.jdt.internal.junit.runner.RemoteTestRunner.main(RemoteTestRunner.java:192)

</error>
    </testcase>
    <testcase name="@Ignore: Given I visit &quot;http://google.com&quot;" classname="Scenario: Search for Bruce Lee" time="0.0" ignored="true"/>
  </testsuite>
</testrun>
