<?xml version="1.0" encoding="UTF-8"?><testrun name="CukeRunner (1)" project="CucumberTests" tests="6" started="6" failures="0" errors="3" ignored="5">
  <testsuite name="com.bdt.webdriver.CukeRunner" incomplete="true">
    <error>java.lang.NullPointerException
	at com.bdt.webdriver.CukeRunner.tearDown(CukeRunner.java:38)
	at sun.reflect.NativeMethodAccessorImpl.invoke0(Native Method)
	at sun.reflect.NativeMethodAccessorImpl.invoke(NativeMethodAccessorImpl.java:57)
	at sun.reflect.DelegatingMethodAccessorImpl.invoke(DelegatingMethodAccessorImpl.java:43)
	at java.lang.reflect.Method.invoke(Method.java:606)
	at org.junit.runners.model.FrameworkMethod$1.runReflectiveCall(FrameworkMethod.java:47)
	at org.junit.internal.runners.model.ReflectiveCallable.run(ReflectiveCallable.java:12)
	at org.junit.runners.model.FrameworkMethod.invokeExplosively(FrameworkMethod.java:44)
	at org.junit.internal.runners.statements.RunAfters.evaluate(RunAfters.java:33)
	at org.junit.runners.ParentRunner.run(ParentRunner.java:309)
	at cucumber.api.junit.Cucumber.run(Cucumber.java:94)
	at org.eclipse.jdt.internal.junit4.runner.JUnit4TestReference.run(JUnit4TestReference.java:50)
	at org.eclipse.jdt.internal.junit.runner.TestExecution.run(TestExecution.java:38)
	at org.eclipse.jdt.internal.junit.runner.RemoteTestRunner.runTests(RemoteTestRunner.java:459)
	at org.eclipse.jdt.internal.junit.runner.RemoteTestRunner.runTests(RemoteTestRunner.java:675)
	at org.eclipse.jdt.internal.junit.runner.RemoteTestRunner.run(RemoteTestRunner.java:382)
	at org.eclipse.jdt.internal.junit.runner.RemoteTestRunner.main(RemoteTestRunner.java:192)

</error>
    <testsuite name="Feature: Start Game">
      <testsuite name="Scenario: Start game" incomplete="true">
        <skipped/>
        <testcase name="Given I open &quot;chrome&quot;" classname="Scenario: Start game" incomplete="true"/>
        <testcase name="Given I visit &quot;http://localhost:8080/blackjack/&quot;" classname="Scenario: Start game" incomplete="true"/>
        <testcase name="When I enter click the &quot;start&quot; button" classname="Scenario: Start game" time="0.0" ignored="true"/>
        <testcase name="Then I should see the alert pop up" classname="Scenario: Start game" time="0.0" ignored="true"/>
        <testcase name="Then I type &quot;2&quot;" classname="Scenario: Start game" time="0.0" ignored="true"/>
        <testcase name="Then I should see the &quot;player2_hand&quot; div" classname="Scenario: Start game" time="0.0" ignored="true"/>
      </testsuite>
    </testsuite>
  </testsuite>
  <testsuite name="Unrooted Tests" time="0.0">
    <testcase name="Given I open &quot;chrome&quot;" classname="Scenario: Start game" time="0.0">
      <error>java.lang.IllegalStateException: The path to the driver executable must be set by the webdriver.chrome.driver system property; for more information, see http://code.google.com/p/selenium/wiki/ChromeDriver. The latest version can be downloaded from http://chromedriver.storage.googleapis.com/index.html
	at com.google.common.base.Preconditions.checkState(Preconditions.java:177)
	at org.openqa.selenium.remote.service.DriverService.findExecutable(DriverService.java:105)
	at org.openqa.selenium.chrome.ChromeDriverService.createDefaultService(ChromeDriverService.java:89)
	at org.openqa.selenium.chrome.ChromeDriver.&lt;init&gt;(ChromeDriver.java:106)
	at com.bdt.webdriver.StepDef.i_open(StepDef.java:34)
	at âœ½.Given I open "chrome"(T1.feature:4)

</error>
    </testcase>
    <testcase name="@Ignore: Given I visit &quot;http://localhost:8080/blackjack/&quot;" classname="Scenario: Start game" time="0.0" ignored="true"/>
  </testsuite>
</testrun>
